
-------------
running sdist
reading manifest file 'MANIFEST'
creating pybridge-0.0.0
creating pybridge-0.0.0/pack
creating pybridge-0.0.0/pybridge
creating pybridge-0.0.0/scripts
creating pybridge-0.0.0/tests
making hard links in pybridge-0.0.0...
hard linking MANIFEST -> pybridge-0.0.0
hard linking MANIFEST.in -> pybridge-0.0.0
hard linking README -> pybridge-0.0.0
hard linking setup.py -> pybridge-0.0.0
hard linking pack/make_dists.sh -> pybridge-0.0.0/pack
hard linking pybridge/__init__.py -> pybridge-0.0.0/pybridge
hard linking pybridge/conf.py -> pybridge-0.0.0/pybridge
hard linking pybridge/ui.py -> pybridge-0.0.0/pybridge
hard linking scripts/pybridge -> pybridge-0.0.0/scripts
hard linking tests/__init__.py -> pybridge-0.0.0/tests
hard linking tests/doctests.py -> pybridge-0.0.0/tests
hard linking tests/test.py -> pybridge-0.0.0/tests
tar -cf dist/pybridge-0.0.0.tar pybridge-0.0.0
gzip -f9 dist/pybridge-0.0.0.tar
removing 'pybridge-0.0.0' (and everything under it)
-------------
running bdist_wininst
running build
running build_py
running build_scripts
installing to build/bdist.linux-i686/wininst
running install_lib
creating build/bdist.linux-i686/wininst
creating build/bdist.linux-i686/wininst/PURELIB
creating build/bdist.linux-i686/wininst/PURELIB/pybridge
copying build/lib/pybridge/conf.py -> build/bdist.linux-i686/wininst/PURELIB/pybridge
copying build/lib/pybridge/__init__.py -> build/bdist.linux-i686/wininst/PURELIB/pybridge
copying build/lib/pybridge/ui.py -> build/bdist.linux-i686/wininst/PURELIB/pybridge
running install_scripts
creating build/bdist.linux-i686/wininst/SCRIPTS
copying build/scripts-2.3/pybridge -> build/bdist.linux-i686/wininst/SCRIPTS
changing mode of build/bdist.linux-i686/wininst/SCRIPTS/pybridge to 755
creating '/tmp/tmpDkrt5l.zip' and adding '.' to it
adding 'PURELIB/pybridge/conf.py'
adding 'PURELIB/pybridge/__init__.py'
adding 'PURELIB/pybridge/ui.py'
adding 'SCRIPTS/pybridge'
removing 'build/bdist.linux-i686/wininst' (and everything under it)
